<?xml version="1.0" encoding="UTF-8"?>
<!-- Generated by org.testng.reporters.JUnitXMLReporter -->
<testsuite ignored="0" hostname="Sanju" failures="0" tests="6" name="Test1" time="0.063" errors="0" timestamp="2024-11-11T07:39:48 IST">
  <testcase classname="TestNG.ex6_Sample1" name="TC1" time="0.012"/>
  <testcase classname="TestNG.ex6_Sample1" name="TC2" time="0.001"/>
  <testcase classname="TestNG.ex6_Sample1" name="TC3" time="0.002"/>
  <testcase classname="TestNG.ex6_Sample2" name="TC4" time="0.002"/>
  <testcase classname="TestNG.ex6_Sample2" name="TC5" time="0.001"/>
  <testcase classname="TestNG.ex6_Sample2" name="TC6" time="0.002"/>
</testsuite> <!-- Test1 -->
