<?xml version="1.0" encoding="UTF-8"?>
<testng-results ignored="0" total="1" passed="1" failed="0" skipped="0">
  <reporter-output>
  </reporter-output>
  <suite started-at="2024-11-19T07:47:34 IST" name="Default suite" finished-at="2024-11-19T07:47:44 IST" duration-ms="10389">
    <groups>
    </groups>
    <test started-at="2024-11-19T07:47:34 IST" name="Default test" finished-at="2024-11-19T07:47:44 IST" duration-ms="10389">
      <class name="POM_DDF_TestNG_BaseClass_UtilityClass_SSOfOnlyFailedTCes_PropertyFile.SwagLabLoginTest">
        <test-method is-config="true" signature="openBrowser()[pri:0, instance:POM_DDF_TestNG_BaseClass_UtilityClass_SSOfOnlyFailedTCes_PropertyFile.SwagLabLoginTest@6379eb]" started-at="2024-11-19T07:47:34 IST" name="openBrowser" finished-at="2024-11-19T07:47:36 IST" duration-ms="2863" status="PASS">
          <reporter-output>
          </reporter-output>
        </test-method> <!-- openBrowser -->
        <test-method is-config="true" signature="loginToApp()[pri:0, instance:POM_DDF_TestNG_BaseClass_UtilityClass_SSOfOnlyFailedTCes_PropertyFile.SwagLabLoginTest@6379eb]" started-at="2024-11-19T07:47:36 IST" name="loginToApp" finished-at="2024-11-19T07:47:39 IST" duration-ms="2392" status="PASS">
          <reporter-output>
          </reporter-output>
        </test-method> <!-- loginToApp -->
        <test-method signature="verifyLogo()[pri:0, instance:POM_DDF_TestNG_BaseClass_UtilityClass_SSOfOnlyFailedTCes_PropertyFile.SwagLabLoginTest@6379eb]" started-at="2024-11-19T07:47:39 IST" name="verifyLogo" finished-at="2024-11-19T07:47:40 IST" duration-ms="729" status="PASS">
          <reporter-output>
          </reporter-output>
        </test-method> <!-- verifyLogo -->
        <test-method is-config="true" signature="logoutFromApp(org.testng.ITestResult)[pri:0, instance:POM_DDF_TestNG_BaseClass_UtilityClass_SSOfOnlyFailedTCes_PropertyFile.SwagLabLoginTest@6379eb]" started-at="2024-11-19T07:47:40 IST" name="logoutFromApp" finished-at="2024-11-19T07:47:44 IST" duration-ms="4135" status="PASS">
          <params>
            <param index="0">
              <value>
                <![CDATA[[TestResult name=verifyLogo status=SUCCESS method=SwagLabLoginTest.verifyLogo()[pri:0, instance:POM_DDF_TestNG_BaseClass_UtilityClass_SSOfOnlyFailedTCes_PropertyFile.SwagLabLoginTest@6379eb] output={null}]]]>
              </value>
            </param>
          </params>
          <reporter-output>
          </reporter-output>
        </test-method> <!-- logoutFromApp -->
        <test-method is-config="true" signature="closeBrowser()[pri:0, instance:POM_DDF_TestNG_BaseClass_UtilityClass_SSOfOnlyFailedTCes_PropertyFile.SwagLabLoginTest@6379eb]" started-at="2024-11-19T07:47:44 IST" name="closeBrowser" finished-at="2024-11-19T07:47:44 IST" duration-ms="237" status="PASS">
          <reporter-output>
          </reporter-output>
        </test-method> <!-- closeBrowser -->
      </class> <!-- POM_DDF_TestNG_BaseClass_UtilityClass_SSOfOnlyFailedTCes_PropertyFile.SwagLabLoginTest -->
    </test> <!-- Default test -->
  </suite> <!-- Default suite -->
</testng-results>
